(N) 2024-11-30T12:55:33 - System wake-up event detected. Re-announcing to all the trackers...
(N) 2024-11-30T13:07:30 - System wake-up event detected. Re-announcing to all the trackers...
(N) 2024-11-30T13:23:08 - System wake-up event detected. Re-announcing to all the trackers...
(N) 2024-11-30T13:39:21 - System wake-up event detected. Re-announcing to all the trackers...
(N) 2024-11-30T13:45:52 - System wake-up event detected. Re-announcing to all the trackers...
(N) 2024-11-30T14:01:29 - System wake-up event detected. Re-announcing to all the trackers...
(I) 2024-11-30T14:01:29 - Detected external IP. IP: "116.90.74.158"
(N) 2024-11-30T14:08:25 - System wake-up event detected. Re-announcing to all the trackers...
(N) 2024-11-30T14:24:54 - System wake-up event detected. Re-announcing to all the trackers...
(N) 2024-11-30T14:41:14 - System wake-up event detected. Re-announcing to all the trackers...
(I) 2024-11-30T14:59:39 - Detected external IP. IP: "116.90.74.157"
(N) 2024-11-30T14:59:43 - System wake-up event detected. Re-announcing to all the trackers...
(I) 2024-11-30T15:09:15 - Detected external IP. IP: "116.90.74.157"
(N) 2024-11-30T15:09:17 - System wake-up event detected. Re-announcing to all the trackers...
(N) 2024-11-30T15:27:30 - System wake-up event detected. Re-announcing to all the trackers...
(N) 2024-11-30T15:45:39 - System wake-up event detected. Re-announcing to all the trackers...
(N) 2024-11-30T16:03:52 - System wake-up event detected. Re-announcing to all the trackers...
(N) 2024-11-30T16:10:30 - System wake-up event detected. Re-announcing to all the trackers...
(I) 2024-11-30T16:10:39 - Detected external IP. IP: "116.90.74.158"
(N) 2024-11-30T16:26:46 - System wake-up event detected. Re-announcing to all the trackers...
(N) 2024-11-30T16:42:43 - System wake-up event detected. Re-announcing to all the trackers...
(N) 2024-11-30T17:00:47 - System wake-up event detected. Re-announcing to all the trackers...
(I) 2024-11-30T17:11:31 - Detected external IP. IP: "116.90.74.157"
(N) 2024-11-30T17:11:31 - System wake-up event detected. Re-announcing to all the trackers...
(N) 2024-11-30T17:28:16 - System wake-up event detected. Re-announcing to all the trackers...
(N) 2024-11-30T17:45:29 - System wake-up event detected. Re-announcing to all the trackers...
(I) 2024-11-30T18:01:45 - Detected external IP. IP: "116.90.74.157"
(N) 2024-11-30T18:01:50 - System wake-up event detected. Re-announcing to all the trackers...
(N) 2024-11-30T18:12:14 - System wake-up event detected. Re-announcing to all the trackers...
(I) 2024-11-30T18:12:18 - Detected external IP. IP: "116.90.74.158"
(N) 2024-11-30T18:30:45 - System wake-up event detected. Re-announcing to all the trackers...
(N) 2024-11-30T18:47:20 - System wake-up event detected. Re-announcing to all the trackers...
(I) 2024-11-30T18:47:24 - Detected external IP. IP: "116.90.74.158"
(I) 2024-11-30T19:04:17 - Detected external IP. IP: "116.90.74.156"
(N) 2024-11-30T19:04:22 - System wake-up event detected. Re-announcing to all the trackers...
(N) 2024-11-30T19:13:12 - System wake-up event detected. Re-announcing to all the trackers...
(N) 2024-11-30T19:29:54 - System wake-up event detected. Re-announcing to all the trackers...
(N) 2024-11-30T19:47:27 - System wake-up event detected. Re-announcing to all the trackers...
(N) 2024-11-30T20:03:36 - System wake-up event detected. Re-announcing to all the trackers...
(N) 2024-11-30T20:14:11 - System wake-up event detected. Re-announcing to all the trackers...
(I) 2024-11-30T20:14:17 - Detected external IP. IP: "116.90.74.158"
(N) 2024-11-30T20:30:39 - System wake-up event detected. Re-announcing to all the trackers...
(N) 2024-11-30T20:48:46 - System wake-up event detected. Re-announcing to all the trackers...
(I) 2024-11-30T21:05:34 - Detected external IP. IP: "116.90.74.156"
(N) 2024-11-30T21:05:38 - System wake-up event detected. Re-announcing to all the trackers...
(N) 2024-11-30T21:15:09 - System wake-up event detected. Re-announcing to all the trackers...
(N) 2024-11-30T21:31:55 - System wake-up event detected. Re-announcing to all the trackers...
(N) 2024-11-30T21:50:12 - System wake-up event detected. Re-announcing to all the trackers...
(N) 2024-11-30T21:57:53 - System wake-up event detected. Re-announcing to all the trackers...
(N) 2024-11-30T22:15:56 - System wake-up event detected. Re-announcing to all the trackers...
(N) 2024-11-30T22:33:31 - System wake-up event detected. Re-announcing to all the trackers...
(N) 2024-11-30T22:50:05 - System wake-up event detected. Re-announcing to all the trackers...
(N) 2024-11-30T23:07:19 - System wake-up event detected. Re-announcing to all the trackers...
(N) 2024-11-30T23:16:57 - System wake-up event detected. Re-announcing to all the trackers...
(I) 2024-11-30T23:17:17 - Detected external IP. IP: "116.90.74.158"
(N) 2024-11-30T23:33:48 - System wake-up event detected. Re-announcing to all the trackers...
(I) 2024-11-30T23:34:04 - Detected external IP. IP: "116.90.74.156"
(N) 2024-11-30T23:49:30 - System wake-up event detected. Re-announcing to all the trackers...
(N) 2024-12-01T00:06:59 - System wake-up event detected. Re-announcing to all the trackers...
(N) 2024-12-01T00:17:57 - System wake-up event detected. Re-announcing to all the trackers...
(N) 2024-12-01T00:34:13 - System wake-up event detected. Re-announcing to all the trackers...
(N) 2024-12-01T00:49:50 - System wake-up event detected. Re-announcing to all the trackers...
(N) 2024-12-01T01:06:53 - System wake-up event detected. Re-announcing to all the trackers...
(N) 2024-12-01T01:18:56 - System wake-up event detected. Re-announcing to all the trackers...
(I) 2024-12-01T01:18:56 - Detected external IP. IP: "116.90.74.158"
(N) 2024-12-01T01:35:53 - System wake-up event detected. Re-announcing to all the trackers...
(N) 2024-12-01T01:51:51 - System wake-up event detected. Re-announcing to all the trackers...
(N) 2024-12-01T02:08:25 - System wake-up event detected. Re-announcing to all the trackers...
(N) 2024-12-01T02:25:11 - System wake-up event detected. Re-announcing to all the trackers...
(N) 2024-12-01T02:43:21 - System wake-up event detected. Re-announcing to all the trackers...
(N) 2024-12-01T02:59:35 - System wake-up event detected. Re-announcing to all the trackers...
(N) 2024-12-01T03:16:41 - System wake-up event detected. Re-announcing to all the trackers...
(N) 2024-12-01T03:33:12 - System wake-up event detected. Re-announcing to all the trackers...
(N) 2024-12-01T03:50:09 - System wake-up event detected. Re-announcing to all the trackers...
(N) 2024-12-01T04:06:29 - System wake-up event detected. Re-announcing to all the trackers...
(N) 2024-12-01T04:24:28 - System wake-up event detected. Re-announcing to all the trackers...
(N) 2024-12-01T04:42:38 - System wake-up event detected. Re-announcing to all the trackers...
(N) 2024-12-01T04:58:18 - System wake-up event detected. Re-announcing to all the trackers...
(N) 2024-12-01T05:15:05 - System wake-up event detected. Re-announcing to all the trackers...
(N) 2024-12-01T05:31:11 - System wake-up event detected. Re-announcing to all the trackers...
(N) 2024-12-01T05:47:43 - System wake-up event detected. Re-announcing to all the trackers...
(N) 2024-12-01T06:01:02 - System wake-up event detected. Re-announcing to all the trackers...
(N) 2024-12-01T06:11:35 - System wake-up event detected. Re-announcing to all the trackers...
(N) 2024-12-01T06:27:47 - System wake-up event detected. Re-announcing to all the trackers...
(N) 2024-12-01T06:43:39 - System wake-up event detected. Re-announcing to all the trackers...
(N) 2024-12-01T07:00:29 - System wake-up event detected. Re-announcing to all the trackers...
(N) 2024-12-01T07:16:29 - System wake-up event detected. Re-announcing to all the trackers...
(N) 2024-12-01T07:33:13 - System wake-up event detected. Re-announcing to all the trackers...
(N) 2024-12-01T07:49:36 - System wake-up event detected. Re-announcing to all the trackers...
(N) 2024-12-01T08:02:14 - System wake-up event detected. Re-announcing to all the trackers...
(N) 2024-12-01T08:20:36 - System wake-up event detected. Re-announcing to all the trackers...
(N) 2024-12-01T08:37:40 - System wake-up event detected. Re-announcing to all the trackers...
(N) 2024-12-01T08:53:37 - System wake-up event detected. Re-announcing to all the trackers...
(N) 2024-12-01T09:03:04 - System wake-up event detected. Re-announcing to all the trackers...
(N) 2024-12-01T09:19:25 - System wake-up event detected. Re-announcing to all the trackers...
(N) 2024-12-01T09:35:52 - System wake-up event detected. Re-announcing to all the trackers...
(N) 2024-12-01T09:55:14 - System wake-up event detected. Re-announcing to all the trackers...
(N) 2024-12-01T10:04:29 - System wake-up event detected. Re-announcing to all the trackers...
(N) 2024-12-01T10:20:14 - System wake-up event detected. Re-announcing to all the trackers...
(N) 2024-12-01T10:36:32 - System wake-up event detected. Re-announcing to all the trackers...
(N) 2024-12-01T10:52:01 - System wake-up event detected. Re-announcing to all the trackers...
(N) 2024-12-01T11:05:27 - System wake-up event detected. Re-announcing to all the trackers...
(N) 2024-12-01T11:23:17 - System wake-up event detected. Re-announcing to all the trackers...
(N) 2024-12-01T11:41:28 - System wake-up event detected. Re-announcing to all the trackers...
(N) 2024-12-01T11:57:10 - System wake-up event detected. Re-announcing to all the trackers...
(N) 2024-12-01T12:06:27 - System wake-up event detected. Re-announcing to all the trackers...
(N) 2024-12-01T12:22:58 - System wake-up event detected. Re-announcing to all the trackers...
(N) 2024-12-01T12:39:09 - System wake-up event detected. Re-announcing to all the trackers...
(N) 2024-12-01T12:44:22 - System wake-up event detected. Re-announcing to all the trackers...
(N) 2024-12-01T12:59:26 - Added new torrent. Torrent: "나 혼자 산다.E573.241129.1080p.H264-F1RST.mp4"
(N) 2024-12-01T13:00:38 - WebAPI login success. IP: ::ffff:172.19.0.1
(N) 2024-12-01T13:01:16 - Torrent removed. Torrent: "나 혼자 산다.E573.241129.1080p.H264-F1RST.mp4"
(N) 2024-12-01T13:02:12 - qBittorrent termination initiated
(N) 2024-12-01T13:02:12 - Saving resume data completed.
(N) 2024-12-01T13:02:12 - BitTorrent session successfully finished.
(N) 2024-12-01T13:02:12 - qBittorrent is now ready to exit
(N) 2024-12-01T13:02:28 - qBittorrent v5.0.2 started. Process ID: 146
(N) 2024-12-01T13:02:28 - Using config directory: /config/qBittorrent
(N) 2024-12-01T13:02:28 - Trying to listen on the following list of IP addresses: "0.0.0.0:6881,[::]:6881"
(I) 2024-12-01T13:02:28 - Peer ID: "-qB5020-"
(I) 2024-12-01T13:02:28 - HTTP User-Agent: "qBittorrent/5.0.2"
(I) 2024-12-01T13:02:28 - Distributed Hash Table (DHT) support: ON
(I) 2024-12-01T13:02:28 - Local Peer Discovery support: ON
(I) 2024-12-01T13:02:28 - Peer Exchange (PeX) support: ON
(I) 2024-12-01T13:02:28 - Anonymous mode: ON
(I) 2024-12-01T13:02:28 - Encryption support: ON
(I) 2024-12-01T13:02:28 - Successfully listening on IP. IP: "127.0.0.1". Port: "TCP/6881"
(I) 2024-12-01T13:02:28 - Successfully listening on IP. IP: "127.0.0.1". Port: "UTP/6881"
(I) 2024-12-01T13:02:28 - Successfully listening on IP. IP: "172.19.0.4". Port: "TCP/6881"
(I) 2024-12-01T13:02:28 - Successfully listening on IP. IP: "172.19.0.4". Port: "UTP/6881"
(I) 2024-12-01T13:02:28 - Successfully listening on IP. IP: "::1". Port: "TCP/6881"
(I) 2024-12-01T13:02:28 - Successfully listening on IP. IP: "::1". Port: "UTP/6881"
(N) 2024-12-01T13:02:28 - Restored torrent. Torrent: "94a41c9719e7a4cec2984f75a09b1cce2ee3f01e"
(N) 2024-12-01T13:02:28 - Restored torrent. Torrent: "Silo S02E03 2160p WEB H265 SuccessfulCrab TGx"
(W) 2024-12-01T13:02:28 - Failed to restore torrent. Files were probably moved or storage isn't accessible. Torrent: "Silo S02E03 2160p WEB H265 SuccessfulCrab TGx". Reason: "Silo.S02E03.2160p.WEB.H265-SuccessfulCrab[TGx] fast resume rejected. file_stat(/downloads/Silo.S02E03.2160p.WEB.H265-SuccessfulCrab[TGx]/Sample/silo.s02e03.2160p.web.h265-successfulcrab-sample.mkv): mismatching file size"
(N) 2024-12-01T13:02:28 - Restored torrent. Torrent: "미운 우리 새끼.E419.241124.720p-NEXT.mp4"
(N) 2024-12-01T13:02:28 - Restored torrent. Torrent: "신발 벗고 돌싱포맨.E162.241126.720p-NEXT.mp4"
(N) 2024-12-01T13:02:28 - Restored torrent. Torrent: "신발 벗고 돌싱포맨.E161.241119.720p-NEXT.mp4"
(N) 2024-12-01T13:02:28 - Restored torrent. Torrent: "유 퀴즈 온 더 블럭.E271.241127.1080p.H264-F1RST.mp4"
(N) 2024-12-01T13:02:28 - Restored torrent. Torrent: "1박 2일 시즌4.E250.241117.1080p.H264-F1RST.mp4"
(N) 2024-12-01T13:02:28 - Restored torrent. Torrent: "나 혼자 산다.E572.241122.1080p.WANNA.mp4"
(N) 2024-12-01T13:02:28 - Restored torrent. Torrent: "라디오스타.E891.241120.1080p.WANNA.mp4"
(N) 2024-12-01T13:02:28 - Restored torrent. Torrent: "놀면 뭐하니.E258.241123.1080p.WANNA.mp4"
(N) 2024-12-01T13:02:28 - Restored torrent. Torrent: "전지적 참견 시점.E324.241123.1080p.WANNA.mp4"
(N) 2024-12-01T13:02:28 - Restored torrent. Torrent: "나 혼자 산다.E571.241115.720p-NEXT.mp4"
(N) 2024-12-01T13:02:28 - Restored torrent. Torrent: "아는 형님.E460.241123.1080p.H264-F1RST.mp4"
(N) 2024-12-01T13:02:28 - Restored torrent. Torrent: "나는 SOLO 나는 솔로.E176.241120.1080p.H264-F1RST.mp4"
(N) 2024-12-01T13:02:28 - Restored torrent. Torrent: "나는 SOLO.E177.241127.720p-NEXT.mp4"
(N) 2024-12-01T13:02:28 - Restored torrent. Torrent: "놀라운 토요일 도레미 마켓.E342.241123.720p-NEXT.mp4"
(N) 2024-12-01T13:02:28 - Restored torrent. Torrent: "라디오스타.E892.241127.720p-NEXT.mp4"
(N) 2024-12-01T13:02:28 - Restored torrent. Torrent: "유 퀴즈 온 더 블럭.E270.241120.1080p.H264-F1RST.mp4"
(N) 2024-12-01T13:02:28 - Restored torrent. Torrent: "전지적 참견 시점.E323.241116.720p-NEXT.mp4"
(I) 2024-12-01T13:02:28 - IP geolocation database loaded. Type: DBIP-Country-Lite. Build time: Fri Nov 1 15:25:09 2024.
(N) 2024-12-01T13:02:28 - Using built-in WebUI.
(N) 2024-12-01T13:02:28 - WebUI translation for selected locale (en) has been successfully loaded.
(N) 2024-12-01T13:02:28 - WebUI: Now listening on IP: *, port: 8080
(N) 2024-12-01T13:02:30 - WebAPI login success. IP: ::ffff:172.19.0.6
(N) 2024-12-01T13:02:30 - WebAPI login success. IP: ::ffff:172.19.0.2
(I) 2024-12-01T13:02:33 - Detected external IP. IP: "116.90.74.158"
(N) 2024-12-01T13:12:58 - qBittorrent termination initiated
(N) 2024-12-01T13:12:58 - Saving resume data completed.
(N) 2024-12-01T13:12:58 - BitTorrent session successfully finished.
(N) 2024-12-01T13:12:58 - qBittorrent is now ready to exit
(N) 2024-12-01T13:13:14 - qBittorrent v5.0.2 started. Process ID: 145
(N) 2024-12-01T13:13:14 - Using config directory: /config/qBittorrent
(N) 2024-12-01T13:13:14 - Trying to listen on the following list of IP addresses: "0.0.0.0:6881,[::]:6881"
(I) 2024-12-01T13:13:14 - Peer ID: "-qB5020-"
(I) 2024-12-01T13:13:14 - HTTP User-Agent: "qBittorrent/5.0.2"
(I) 2024-12-01T13:13:14 - Distributed Hash Table (DHT) support: ON
(I) 2024-12-01T13:13:14 - Local Peer Discovery support: ON
(I) 2024-12-01T13:13:14 - Peer Exchange (PeX) support: ON
(I) 2024-12-01T13:13:14 - Anonymous mode: ON
(I) 2024-12-01T13:13:14 - Encryption support: ON
(I) 2024-12-01T13:13:14 - Successfully listening on IP. IP: "127.0.0.1". Port: "TCP/6881"
(I) 2024-12-01T13:13:14 - Successfully listening on IP. IP: "127.0.0.1". Port: "UTP/6881"
(I) 2024-12-01T13:13:14 - Successfully listening on IP. IP: "172.19.0.3". Port: "TCP/6881"
(I) 2024-12-01T13:13:14 - Successfully listening on IP. IP: "172.19.0.3". Port: "UTP/6881"
(I) 2024-12-01T13:13:14 - Successfully listening on IP. IP: "::1". Port: "TCP/6881"
(I) 2024-12-01T13:13:14 - Successfully listening on IP. IP: "::1". Port: "UTP/6881"
(N) 2024-12-01T13:13:14 - Restored torrent. Torrent: "94a41c9719e7a4cec2984f75a09b1cce2ee3f01e"
(N) 2024-12-01T13:13:14 - Restored torrent. Torrent: "Silo S02E03 2160p WEB H265 SuccessfulCrab TGx"
(W) 2024-12-01T13:13:14 - Failed to restore torrent. Files were probably moved or storage isn't accessible. Torrent: "Silo S02E03 2160p WEB H265 SuccessfulCrab TGx". Reason: "Silo.S02E03.2160p.WEB.H265-SuccessfulCrab[TGx] fast resume rejected. file_stat(/downloads/Silo.S02E03.2160p.WEB.H265-SuccessfulCrab[TGx]/Sample/silo.s02e03.2160p.web.h265-successfulcrab-sample.mkv): mismatching file size"
(N) 2024-12-01T13:13:14 - Restored torrent. Torrent: "미운 우리 새끼.E419.241124.720p-NEXT.mp4"
(N) 2024-12-01T13:13:14 - Restored torrent. Torrent: "신발 벗고 돌싱포맨.E162.241126.720p-NEXT.mp4"
(N) 2024-12-01T13:13:14 - Restored torrent. Torrent: "신발 벗고 돌싱포맨.E161.241119.720p-NEXT.mp4"
(N) 2024-12-01T13:13:14 - Restored torrent. Torrent: "유 퀴즈 온 더 블럭.E271.241127.1080p.H264-F1RST.mp4"
(N) 2024-12-01T13:13:14 - Restored torrent. Torrent: "1박 2일 시즌4.E250.241117.1080p.H264-F1RST.mp4"
(N) 2024-12-01T13:13:14 - Restored torrent. Torrent: "나 혼자 산다.E572.241122.1080p.WANNA.mp4"
(N) 2024-12-01T13:13:14 - Restored torrent. Torrent: "라디오스타.E891.241120.1080p.WANNA.mp4"
(N) 2024-12-01T13:13:14 - Restored torrent. Torrent: "놀면 뭐하니.E258.241123.1080p.WANNA.mp4"
(N) 2024-12-01T13:13:14 - Restored torrent. Torrent: "전지적 참견 시점.E324.241123.1080p.WANNA.mp4"
(N) 2024-12-01T13:13:14 - Restored torrent. Torrent: "나 혼자 산다.E571.241115.720p-NEXT.mp4"
(N) 2024-12-01T13:13:14 - Restored torrent. Torrent: "아는 형님.E460.241123.1080p.H264-F1RST.mp4"
(N) 2024-12-01T13:13:14 - Restored torrent. Torrent: "나는 SOLO 나는 솔로.E176.241120.1080p.H264-F1RST.mp4"
(N) 2024-12-01T13:13:14 - Restored torrent. Torrent: "나는 SOLO.E177.241127.720p-NEXT.mp4"
(N) 2024-12-01T13:13:14 - Restored torrent. Torrent: "놀라운 토요일 도레미 마켓.E342.241123.720p-NEXT.mp4"
(N) 2024-12-01T13:13:14 - Restored torrent. Torrent: "라디오스타.E892.241127.720p-NEXT.mp4"
(N) 2024-12-01T13:13:14 - Restored torrent. Torrent: "유 퀴즈 온 더 블럭.E270.241120.1080p.H264-F1RST.mp4"
(N) 2024-12-01T13:13:14 - Restored torrent. Torrent: "전지적 참견 시점.E323.241116.720p-NEXT.mp4"
(I) 2024-12-01T13:13:14 - IP geolocation database loaded. Type: DBIP-Country-Lite. Build time: Fri Nov 1 15:25:09 2024.
(N) 2024-12-01T13:13:14 - Using built-in WebUI.
(N) 2024-12-01T13:13:14 - WebUI translation for selected locale (en) has been successfully loaded.
(N) 2024-12-01T13:13:14 - WebUI: Now listening on IP: *, port: 8080
(N) 2024-12-01T13:13:15 - WebAPI login success. IP: ::ffff:172.19.0.7
(N) 2024-12-01T13:13:15 - WebAPI login success. IP: ::ffff:172.19.0.6
(I) 2024-12-01T13:13:18 - Detected external IP. IP: "116.90.74.158"
(N) 2024-12-01T13:15:55 - WebAPI login success. IP: ::ffff:172.19.0.1
(N) 2024-12-01T13:19:48 - Added new torrent. Torrent: "1f4f53837c4065bd66465883d5e4d7193fdb5353"
(N) 2024-12-01T13:20:57 - Added new torrent. Torrent: "놀면 뭐하니.E259.241130.1080p.H264-F1RST.mp4"
(N) 2024-12-01T13:54:29 - System wake-up event detected. Re-announcing to all the trackers...
(I) 2024-12-01T14:10:30 - Detected external IP. IP: "116.90.74.157"
(N) 2024-12-01T14:10:39 - System wake-up event detected. Re-announcing to all the trackers...
(N) 2024-12-01T14:24:55 - System wake-up event detected. Re-announcing to all the trackers...
(I) 2024-12-01T14:41:19 - Detected external IP. IP: "116.90.74.156"
(N) 2024-12-01T14:41:39 - System wake-up event detected. Re-announcing to all the trackers...
(N) 2024-12-01T14:58:19 - System wake-up event detected. Re-announcing to all the trackers...
(N) 2024-12-01T15:15:07 - System wake-up event detected. Re-announcing to all the trackers...
(I) 2024-12-01T15:31:50 - Detected external IP. IP: "116.90.74.158"
(I) 2024-12-01T15:32:05 - Detected external IP. IP: "116.90.74.158"
(N) 2024-12-01T15:32:10 - System wake-up event detected. Re-announcing to all the trackers...
(N) 2024-12-01T15:48:58 - System wake-up event detected. Re-announcing to all the trackers...
(I) 2024-12-01T16:05:57 - Detected external IP. IP: "116.90.74.156"
(N) 2024-12-01T16:06:06 - System wake-up event detected. Re-announcing to all the trackers...
(N) 2024-12-01T16:21:03 - System wake-up event detected. Re-announcing to all the trackers...
(N) 2024-12-01T16:24:41 - Enqueued torrent move. Torrent: "놀면 뭐하니.E259.241130.1080p.H264-F1RST.mp4". Source: "/downloads/incomplete". Destination: "/downloads"
(N) 2024-12-01T16:24:41 - Start moving torrent. Torrent: "놀면 뭐하니.E259.241130.1080p.H264-F1RST.mp4". Destination: "/downloads"
(N) 2024-12-01T16:24:41 - Moved torrent successfully. Torrent: "놀면 뭐하니.E259.241130.1080p.H264-F1RST.mp4". Destination: "/downloads"
(N) 2024-12-01T16:24:41 - Torrent download finished. Torrent: "놀면 뭐하니.E259.241130.1080p.H264-F1RST.mp4"
(N) 2024-12-01T18:20:26 - System wake-up event detected. Re-announcing to all the trackers...
(I) 2024-12-01T18:38:14 - Detected external IP. IP: "116.90.74.157"
(N) 2024-12-01T18:38:31 - System wake-up event detected. Re-announcing to all the trackers...
(N) 2024-12-01T18:56:04 - System wake-up event detected. Re-announcing to all the trackers...
(N) 2024-12-01T19:12:15 - System wake-up event detected. Re-announcing to all the trackers...
(N) 2024-12-01T19:28:13 - System wake-up event detected. Re-announcing to all the trackers...
(I) 2024-12-01T19:43:39 - Detected external IP. IP: "116.90.74.158"
(N) 2024-12-01T19:43:46 - System wake-up event detected. Re-announcing to all the trackers...
(N) 2024-12-01T19:58:14 - System wake-up event detected. Re-announcing to all the trackers...
(N) 2024-12-01T20:14:24 - System wake-up event detected. Re-announcing to all the trackers...
(N) 2024-12-01T20:30:21 - System wake-up event detected. Re-announcing to all the trackers...
(N) 2024-12-01T20:47:57 - System wake-up event detected. Re-announcing to all the trackers...
(N) 2024-12-01T20:59:14 - System wake-up event detected. Re-announcing to all the trackers...
(N) 2024-12-01T21:14:46 - System wake-up event detected. Re-announcing to all the trackers...
(N) 2024-12-01T21:34:20 - System wake-up event detected. Re-announcing to all the trackers...
(N) 2024-12-01T21:51:59 - System wake-up event detected. Re-announcing to all the trackers...
(N) 2024-12-01T22:07:37 - System wake-up event detected. Re-announcing to all the trackers...
(N) 2024-12-01T22:23:52 - System wake-up event detected. Re-announcing to all the trackers...
(N) 2024-12-01T22:40:53 - System wake-up event detected. Re-announcing to all the trackers...
(N) 2024-12-01T22:56:53 - System wake-up event detected. Re-announcing to all the trackers...
(N) 2024-12-01T23:12:56 - System wake-up event detected. Re-announcing to all the trackers...
(N) 2024-12-01T23:16:31 - System wake-up event detected. Re-announcing to all the trackers...
(N) 2024-12-01T23:33:15 - System wake-up event detected. Re-announcing to all the trackers...
(N) 2024-12-01T23:49:42 - System wake-up event detected. Re-announcing to all the trackers...
(N) 2024-12-02T00:07:47 - System wake-up event detected. Re-announcing to all the trackers...
(N) 2024-12-02T00:17:16 - System wake-up event detected. Re-announcing to all the trackers...
(N) 2024-12-02T00:34:32 - System wake-up event detected. Re-announcing to all the trackers...
(N) 2024-12-02T00:50:59 - System wake-up event detected. Re-announcing to all the trackers...
(N) 2024-12-02T01:08:10 - System wake-up event detected. Re-announcing to all the trackers...
(N) 2024-12-02T01:18:15 - System wake-up event detected. Re-announcing to all the trackers...
(N) 2024-12-02T01:35:02 - System wake-up event detected. Re-announcing to all the trackers...
(N) 2024-12-02T01:51:15 - System wake-up event detected. Re-announcing to all the trackers...
(N) 2024-12-02T02:08:52 - System wake-up event detected. Re-announcing to all the trackers...
(N) 2024-12-02T02:25:29 - System wake-up event detected. Re-announcing to all the trackers...
(N) 2024-12-02T02:41:51 - System wake-up event detected. Re-announcing to all the trackers...
(N) 2024-12-02T02:57:32 - System wake-up event detected. Re-announcing to all the trackers...
(N) 2024-12-02T03:14:09 - System wake-up event detected. Re-announcing to all the trackers...
(N) 2024-12-02T03:30:48 - System wake-up event detected. Re-announcing to all the trackers...
(N) 2024-12-02T03:47:30 - System wake-up event detected. Re-announcing to all the trackers...
(N) 2024-12-02T04:03:11 - System wake-up event detected. Re-announcing to all the trackers...
(N) 2024-12-02T04:20:25 - System wake-up event detected. Re-announcing to all the trackers...
(N) 2024-12-02T04:36:33 - System wake-up event detected. Re-announcing to all the trackers...
(N) 2024-12-02T04:52:18 - System wake-up event detected. Re-announcing to all the trackers...
(N) 2024-12-02T05:08:45 - System wake-up event detected. Re-announcing to all the trackers...
(N) 2024-12-02T05:26:31 - System wake-up event detected. Re-announcing to all the trackers...
(N) 2024-12-02T05:44:16 - System wake-up event detected. Re-announcing to all the trackers...
(N) 2024-12-02T06:01:11 - System wake-up event detected. Re-announcing to all the trackers...
(N) 2024-12-02T06:04:40 - System wake-up event detected. Re-announcing to all the trackers...
(N) 2024-12-02T06:23:28 - System wake-up event detected. Re-announcing to all the trackers...
(N) 2024-12-02T06:40:10 - System wake-up event detected. Re-announcing to all the trackers...
(N) 2024-12-02T06:56:18 - System wake-up event detected. Re-announcing to all the trackers...
(N) 2024-12-02T07:13:45 - System wake-up event detected. Re-announcing to all the trackers...
(N) 2024-12-02T07:30:15 - System wake-up event detected. Re-announcing to all the trackers...
(N) 2024-12-02T07:47:01 - System wake-up event detected. Re-announcing to all the trackers...
(N) 2024-12-02T08:02:07 - System wake-up event detected. Re-announcing to all the trackers...
(N) 2024-12-02T08:18:53 - System wake-up event detected. Re-announcing to all the trackers...
(N) 2024-12-02T08:31:04 - System wake-up event detected. Re-announcing to all the trackers...
(N) 2024-12-02T08:47:23 - System wake-up event detected. Re-announcing to all the trackers...
(N) 2024-12-02T09:03:04 - System wake-up event detected. Re-announcing to all the trackers...
(N) 2024-12-02T09:19:10 - System wake-up event detected. Re-announcing to all the trackers...
(N) 2024-12-02T09:35:09 - System wake-up event detected. Re-announcing to all the trackers...
(N) 2024-12-02T09:51:04 - System wake-up event detected. Re-announcing to all the trackers...
(N) 2024-12-02T10:04:32 - System wake-up event detected. Re-announcing to all the trackers...
(N) 2024-12-02T10:20:52 - System wake-up event detected. Re-announcing to all the trackers...
(N) 2024-12-02T10:38:01 - System wake-up event detected. Re-announcing to all the trackers...
(N) 2024-12-02T10:55:56 - System wake-up event detected. Re-announcing to all the trackers...
(N) 2024-12-02T11:05:32 - System wake-up event detected. Re-announcing to all the trackers...
(N) 2024-12-02T11:23:34 - System wake-up event detected. Re-announcing to all the trackers...
(N) 2024-12-02T11:40:36 - System wake-up event detected. Re-announcing to all the trackers...
(N) 2024-12-02T11:57:21 - System wake-up event detected. Re-announcing to all the trackers...
(N) 2024-12-02T12:06:19 - System wake-up event detected. Re-announcing to all the trackers...
(N) 2024-12-02T12:23:59 - System wake-up event detected. Re-announcing to all the trackers...
(N) 2024-12-02T12:39:52 - System wake-up event detected. Re-announcing to all the trackers...
(N) 2024-12-02T12:55:23 - System wake-up event detected. Re-announcing to all the trackers...
(N) 2024-12-02T13:07:09 - System wake-up event detected. Re-announcing to all the trackers...
(N) 2024-12-02T13:23:38 - System wake-up event detected. Re-announcing to all the trackers...
(N) 2024-12-02T13:41:28 - System wake-up event detected. Re-announcing to all the trackers...
(N) 2024-12-02T13:57:46 - System wake-up event detected. Re-announcing to all the trackers...
(N) 2024-12-02T14:08:05 - System wake-up event detected. Re-announcing to all the trackers...
(N) 2024-12-02T14:24:05 - System wake-up event detected. Re-announcing to all the trackers...
(N) 2024-12-02T14:40:17 - System wake-up event detected. Re-announcing to all the trackers...
(N) 2024-12-02T14:56:08 - System wake-up event detected. Re-announcing to all the trackers...
(N) 2024-12-02T15:09:03 - System wake-up event detected. Re-announcing to all the trackers...
(N) 2024-12-02T15:26:31 - System wake-up event detected. Re-announcing to all the trackers...
(N) 2024-12-02T15:26:53 - Enqueued torrent move. Torrent: "나 혼자 산다.E573.241129.1080p.H264-F1RST.mp4". Source: "/downloads/incomplete". Destination: "/downloads"
(N) 2024-12-02T15:26:53 - Start moving torrent. Torrent: "나 혼자 산다.E573.241129.1080p.H264-F1RST.mp4". Destination: "/downloads"
(N) 2024-12-02T15:26:53 - Moved torrent successfully. Torrent: "나 혼자 산다.E573.241129.1080p.H264-F1RST.mp4". Destination: "/downloads"
(N) 2024-12-02T15:26:53 - Torrent download finished. Torrent: "나 혼자 산다.E573.241129.1080p.H264-F1RST.mp4"
(N) 2024-12-02T15:42:30 - System wake-up event detected. Re-announcing to all the trackers...
(N) 2024-12-02T15:58:30 - System wake-up event detected. Re-announcing to all the trackers...
(N) 2024-12-02T16:10:26 - System wake-up event detected. Re-announcing to all the trackers...
(N) 2024-12-02T16:26:29 - System wake-up event detected. Re-announcing to all the trackers...
(N) 2024-12-02T16:42:36 - System wake-up event detected. Re-announcing to all the trackers...
(N) 2024-12-02T16:59:33 - System wake-up event detected. Re-announcing to all the trackers...
(N) 2024-12-02T17:11:24 - System wake-up event detected. Re-announcing to all the trackers...
(N) 2024-12-02T17:27:45 - System wake-up event detected. Re-announcing to all the trackers...
(N) 2024-12-02T17:44:39 - System wake-up event detected. Re-announcing to all the trackers...
(N) 2024-12-02T18:01:27 - System wake-up event detected. Re-announcing to all the trackers...
(N) 2024-12-02T18:12:24 - System wake-up event detected. Re-announcing to all the trackers...
(N) 2024-12-02T18:17:10 - System wake-up event detected. Re-announcing to all the trackers...
(N) 2024-12-02T18:34:28 - System wake-up event detected. Re-announcing to all the trackers...
(N) 2024-12-02T18:52:56 - System wake-up event detected. Re-announcing to all the trackers...
(N) 2024-12-02T19:06:27 - System wake-up event detected. Re-announcing to all the trackers...
(N) 2024-12-02T20:16:09 - System wake-up event detected. Re-announcing to all the trackers...
(N) 2024-12-02T20:33:37 - System wake-up event detected. Re-announcing to all the trackers...
(N) 2024-12-02T20:49:13 - System wake-up event detected. Re-announcing to all the trackers...
(N) 2024-12-02T21:06:04 - System wake-up event detected. Re-announcing to all the trackers...
(N) 2024-12-02T21:22:36 - System wake-up event detected. Re-announcing to all the trackers...
(N) 2024-12-02T21:39:04 - System wake-up event detected. Re-announcing to all the trackers...
(N) 2024-12-02T21:54:42 - System wake-up event detected. Re-announcing to all the trackers...
(N) 2024-12-02T22:11:35 - System wake-up event detected. Re-announcing to all the trackers...
(N) 2024-12-02T22:29:44 - System wake-up event detected. Re-announcing to all the trackers...
(N) 2024-12-02T22:46:45 - System wake-up event detected. Re-announcing to all the trackers...
(N) 2024-12-02T22:55:51 - System wake-up event detected. Re-announcing to all the trackers...
(N) 2024-12-02T23:14:15 - System wake-up event detected. Re-announcing to all the trackers...
(N) 2024-12-02T23:30:39 - System wake-up event detected. Re-announcing to all the trackers...
(N) 2024-12-02T23:46:56 - System wake-up event detected. Re-announcing to all the trackers...
(N) 2024-12-02T23:56:51 - System wake-up event detected. Re-announcing to all the trackers...
(N) 2024-12-03T00:13:28 - System wake-up event detected. Re-announcing to all the trackers...
(N) 2024-12-03T00:30:25 - System wake-up event detected. Re-announcing to all the trackers...
(N) 2024-12-03T00:47:42 - System wake-up event detected. Re-announcing to all the trackers...
(N) 2024-12-03T01:05:45 - System wake-up event detected. Re-announcing to all the trackers...
(N) 2024-12-03T01:22:59 - System wake-up event detected. Re-announcing to all the trackers...
(N) 2024-12-03T01:39:19 - System wake-up event detected. Re-announcing to all the trackers...
(N) 2024-12-03T01:56:31 - System wake-up event detected. Re-announcing to all the trackers...
(N) 2024-12-03T02:14:42 - System wake-up event detected. Re-announcing to all the trackers...
(N) 2024-12-03T02:30:09 - System wake-up event detected. Re-announcing to all the trackers...
(N) 2024-12-03T02:46:20 - System wake-up event detected. Re-announcing to all the trackers...
(N) 2024-12-03T03:02:45 - System wake-up event detected. Re-announcing to all the trackers...
(N) 2024-12-03T03:19:07 - System wake-up event detected. Re-announcing to all the trackers...
(N) 2024-12-03T03:36:46 - System wake-up event detected. Re-announcing to all the trackers...
(N) 2024-12-03T03:48:09 - System wake-up event detected. Re-announcing to all the trackers...
(N) 2024-12-03T04:04:24 - System wake-up event detected. Re-announcing to all the trackers...
(N) 2024-12-03T04:20:40 - System wake-up event detected. Re-announcing to all the trackers...
(N) 2024-12-03T04:37:26 - System wake-up event detected. Re-announcing to all the trackers...
(N) 2024-12-03T04:54:37 - System wake-up event detected. Re-announcing to all the trackers...
(N) 2024-12-03T05:11:05 - System wake-up event detected. Re-announcing to all the trackers...
(N) 2024-12-03T05:28:52 - System wake-up event detected. Re-announcing to all the trackers...
(N) 2024-12-03T05:46:10 - System wake-up event detected. Re-announcing to all the trackers...
(N) 2024-12-03T05:48:51 - System wake-up event detected. Re-announcing to all the trackers...
(N) 2024-12-03T06:06:48 - System wake-up event detected. Re-announcing to all the trackers...
(N) 2024-12-03T06:22:27 - System wake-up event detected. Re-announcing to all the trackers...
(N) 2024-12-03T06:31:26 - System wake-up event detected. Re-announcing to all the trackers...
(N) 2024-12-03T06:49:28 - System wake-up event detected. Re-announcing to all the trackers...
(N) 2024-12-03T07:05:39 - System wake-up event detected. Re-announcing to all the trackers...
(N) 2024-12-03T07:22:23 - System wake-up event detected. Re-announcing to all the trackers...
(N) 2024-12-03T07:38:57 - System wake-up event detected. Re-announcing to all the trackers...
(N) 2024-12-03T07:50:27 - System wake-up event detected. Re-announcing to all the trackers...
(N) 2024-12-03T08:06:48 - System wake-up event detected. Re-announcing to all the trackers...
(N) 2024-12-03T08:23:29 - System wake-up event detected. Re-announcing to all the trackers...
(N) 2024-12-03T08:30:52 - System wake-up event detected. Re-announcing to all the trackers...
(N) 2024-12-03T08:47:40 - System wake-up event detected. Re-announcing to all the trackers...
(N) 2024-12-03T08:51:15 - System wake-up event detected. Re-announcing to all the trackers...
(N) 2024-12-03T09:08:07 - System wake-up event detected. Re-announcing to all the trackers...
(N) 2024-12-03T09:24:32 - System wake-up event detected. Re-announcing to all the trackers...
(N) 2024-12-03T09:42:53 - System wake-up event detected. Re-announcing to all the trackers...
(N) 2024-12-03T09:52:26 - System wake-up event detected. Re-announcing to all the trackers...
(N) 2024-12-03T10:09:40 - System wake-up event detected. Re-announcing to all the trackers...
(N) 2024-12-03T10:26:31 - System wake-up event detected. Re-announcing to all the trackers...
(N) 2024-12-03T10:43:53 - System wake-up event detected. Re-announcing to all the trackers...
(N) 2024-12-03T11:10:20 - System wake-up event detected. Re-announcing to all the trackers...
(N) 2024-12-03T11:27:02 - System wake-up event detected. Re-announcing to all the trackers...
(N) 2024-12-03T11:43:48 - System wake-up event detected. Re-announcing to all the trackers...
(N) 2024-12-03T11:54:31 - System wake-up event detected. Re-announcing to all the trackers...
(N) 2024-12-03T12:12:31 - System wake-up event detected. Re-announcing to all the trackers...
(N) 2024-12-03T12:29:27 - System wake-up event detected. Re-announcing to all the trackers...
(N) 2024-12-03T12:45:46 - System wake-up event detected. Re-announcing to all the trackers...
(N) 2024-12-03T12:55:33 - System wake-up event detected. Re-announcing to all the trackers...
(N) 2024-12-03T13:13:01 - System wake-up event detected. Re-announcing to all the trackers...
(N) 2024-12-03T13:31:28 - System wake-up event detected. Re-announcing to all the trackers...
(N) 2024-12-03T13:47:25 - System wake-up event detected. Re-announcing to all the trackers...
(N) 2024-12-03T13:56:33 - System wake-up event detected. Re-announcing to all the trackers...
(N) 2024-12-03T14:12:44 - System wake-up event detected. Re-announcing to all the trackers...
(N) 2024-12-03T14:29:46 - System wake-up event detected. Re-announcing to all the trackers...
(N) 2024-12-03T14:45:33 - System wake-up event detected. Re-announcing to all the trackers...
(N) 2024-12-03T14:57:46 - System wake-up event detected. Re-announcing to all the trackers...
(N) 2024-12-03T15:14:50 - System wake-up event detected. Re-announcing to all the trackers...
(N) 2024-12-03T15:30:41 - System wake-up event detected. Re-announcing to all the trackers...
(N) 2024-12-03T15:46:57 - System wake-up event detected. Re-announcing to all the trackers...
(N) 2024-12-03T15:58:45 - System wake-up event detected. Re-announcing to all the trackers...
(N) 2024-12-03T16:15:59 - System wake-up event detected. Re-announcing to all the trackers...
(N) 2024-12-03T16:32:46 - System wake-up event detected. Re-announcing to all the trackers...
(N) 2024-12-03T16:39:59 - System wake-up event detected. Re-announcing to all the trackers...
(N) 2024-12-03T18:17:47 - System wake-up event detected. Re-announcing to all the trackers...
(N) 2024-12-03T18:33:34 - System wake-up event detected. Re-announcing to all the trackers...
(N) 2024-12-03T20:50:37 - System wake-up event detected. Re-announcing to all the trackers...
(N) 2024-12-04T01:57:38 - System wake-up event detected. Re-announcing to all the trackers...
(N) 2024-12-04T02:23:29 - System wake-up event detected. Re-announcing to all the trackers...
(N) 2024-12-04T02:33:02 - System wake-up event detected. Re-announcing to all the trackers...
(N) 2024-12-04T03:01:06 - System wake-up event detected. Re-announcing to all the trackers...
(N) 2024-12-04T03:10:20 - System wake-up event detected. Re-announcing to all the trackers...
(N) 2024-12-04T03:27:48 - System wake-up event detected. Re-announcing to all the trackers...
(N) 2024-12-04T03:45:44 - System wake-up event detected. Re-announcing to all the trackers...
(N) 2024-12-04T04:59:00 - System wake-up event detected. Re-announcing to all the trackers...
(N) 2024-12-04T06:37:35 - System wake-up event detected. Re-announcing to all the trackers...
(N) 2024-12-04T06:41:23 - System wake-up event detected. Re-announcing to all the trackers...
(N) 2024-12-04T07:58:34 - System wake-up event detected. Re-announcing to all the trackers...
(N) 2024-12-04T08:12:43 - System wake-up event detected. Re-announcing to all the trackers...
(N) 2024-12-04T08:17:53 - System wake-up event detected. Re-announcing to all the trackers...
(N) 2024-12-04T09:36:28 - System wake-up event detected. Re-announcing to all the trackers...
(N) 2024-12-04T10:53:31 - System wake-up event detected. Re-announcing to all the trackers...
(N) 2024-12-04T13:13:42 - System wake-up event detected. Re-announcing to all the trackers...
(N) 2024-12-04T18:14:42 - System wake-up event detected. Re-announcing to all the trackers...
(N) 2024-12-04T18:33:27 - System wake-up event detected. Re-announcing to all the trackers...
(N) 2024-12-04T18:49:46 - System wake-up event detected. Re-announcing to all the trackers...
(N) 2024-12-04T19:06:04 - System wake-up event detected. Re-announcing to all the trackers...
(N) 2024-12-04T19:10:31 - System wake-up event detected. Re-announcing to all the trackers...
